<?xml version="1.0" encoding="UTF-8"?>
<!-- <persistence version="1.0" xmlns="http://java.sun.com/xml/ns/persistence" xmlns:xsi="http://www.w3.org/2001/XMLSchema-instance" xsi:schemaLocation="http://java.sun.com/xml/ns/persistence http://java.sun.com/xml/ns/persistence/persistence_1_0.xsd">
  <persistence-unit name="integration" transaction-type="RESOURCE_LOCAL">
    <class>com.abien.testing.oracle.entity.Prediction</class>
    <exclude-unlisted-classes>true</exclude-unlisted-classes>
    <properties>
      <property name="javax.persistence.jdbc.url" value="jdbc:derby:memory:testDB;create=true"/>
      <property name="javax.persistence.jdbc.driver" value="org.apache.derby.jdbc.EmbeddedDriver"/>
      <property name="eclipselink.ddl-generation" value="create-tables"/>
    </properties>
  </persistence-unit>
</persistence> -->


<persistence xmlns="http://java.sun.com/xml/ns/persistence"
   xmlns:xsi="http://www.w3.org/2001/XMLSchema-instance"
   xsi:schemaLocation="http://java.sun.com/xml/ns/persistence http://java.sun.com/xml/ns/persistence/persistence_2_0.xsd"
   version="2.0">
   <persistence-unit name="greeterDatabase">
      <provider>org.hibernate.ejb.HibernatePersistence</provider>
      <jta-data-source>java:jboss/datasources/ExampleDS</jta-data-source>
      <properties>
         <property name="hibernate.hbm2ddl.auto" value="create-drop" />
         <property name="hibernate.show_sql" value="true" />
      </properties>
   </persistence-unit>
</persistence>
